<?xml version="1.0" encoding="UTF-8"?>
<testsuite name="com.ssafy.jenkins.JenkinsApplicationTests" tests="1" skipped="0" failures="0" errors="0" timestamp="2024-07-19T05:30:30" hostname="DESKTOP-MMCQPV1" time="0.49">
  <properties/>
  <testcase name="contextLoads()" classname="com.ssafy.jenkins.JenkinsApplicationTests" time="0.49"/>
  <system-out><![CDATA[14:30:29.508 [Test worker] INFO org.springframework.test.context.support.AnnotationConfigContextLoaderUtils -- Could not detect default configuration classes for test class [com.ssafy.jenkins.JenkinsApplicationTests]: JenkinsApplicationTests does not declare any static, non-private, non-final, nested classes annotated with @Configuration.
14:30:29.587 [Test worker] INFO org.springframework.boot.test.context.SpringBootTestContextBootstrapper -- Found @SpringBootConfiguration com.ssafy.jenkins.JenkinsApplication for test class com.ssafy.jenkins.JenkinsApplicationTests

  .   ____          _            __ _ _
 /\\ / ___'_ __ _ _(_)_ __  __ _ \ \ \ \
( ( )\___ | '_ | '_| | '_ \/ _` | \ \ \ \
 \\/  ___)| |_)| | | | | || (_| |  ) ) ) )
  '  |____| .__|_| |_|_| |_\__, | / / / /
 =========|_|==============|___/=/_/_/_/

 :: Spring Boot ::                (v3.3.2)

2024-07-19T14:30:29.864+09:00  INFO 2024 --- [jenkins] [    Test worker] c.ssafy.jenkins.JenkinsApplicationTests  : Starting JenkinsApplicationTests using Java 17.0.11 with PID 2024 (started by SSAFY in C:\Users\SSAFY\Desktop\개인프로젝트\jenkins)
2024-07-19T14:30:29.865+09:00  INFO 2024 --- [jenkins] [    Test worker] c.ssafy.jenkins.JenkinsApplicationTests  : No active profile set, falling back to 1 default profile: "default"
2024-07-19T14:30:30.481+09:00  WARN 2024 --- [jenkins] [    Test worker] trationDelegate$BeanPostProcessorChecker : Bean 'org.springframework.ws.config.annotation.DelegatingWsConfiguration' of type [org.springframework.ws.config.annotation.DelegatingWsConfiguration$$SpringCGLIB$$0] is not eligible for getting processed by all BeanPostProcessors (for example: not eligible for auto-proxying). The currently created BeanPostProcessor [annotationActionEndpointMapping] is declared through a non-static factory method on that class; consider declaring it as static instead.
2024-07-19T14:30:30.526+09:00  INFO 2024 --- [jenkins] [    Test worker] .w.s.a.s.AnnotationActionEndpointMapping : Supporting [WS-Addressing August 2004, WS-Addressing 1.0]
2024-07-19T14:30:30.926+09:00  INFO 2024 --- [jenkins] [    Test worker] c.ssafy.jenkins.JenkinsApplicationTests  : Started JenkinsApplicationTests in 1.216 seconds (process running for 2.042)
]]></system-out>
  <system-err><![CDATA[]]></system-err>
</testsuite>
